#======================================================
#
# Synopsys Synthesis Scripts (Design Vision dctcl mode)
#
#======================================================
#======================================================
# (A) Global Parameters
#======================================================
set DESIGN "BB"
BB
set CYCLE 10
10
set INPUT_DLY [expr 0.5*$CYCLE]
5.0
set OUTPUT_DLY [expr 0.5*$CYCLE]
5.0
#======================================================
# (B) Read RTL Code
#======================================================
# (B-1) analyze + elaborate
set hdlin_auto_save_templates TRUE
TRUE
analyze -f sverilog $DESIGN\.v 
Running PRESTO HDLC
Compiling source file ../01_RTL/BB.v
Presto compilation completed successfully.
Loading db file '/RAID2/COURSE/iclab/iclabTA01/umc018/Synthesis/slow.db'
Loading db file '/usr/cad/synopsys/synthesis/cur/libraries/syn/dw_foundation.sldb'
Loading db file '/usr/cad/synopsys/synthesis/cur/libraries/syn/standard.sldb'
1
elaborate $DESIGN  
Loading db file '/usr/cad/synopsys/synthesis/2022.03/libraries/syn/gtech.db'
Loading db file '/usr/cad/synopsys/synthesis/2022.03/libraries/syn/standard.sldb'
  Loading link library 'slow'
  Loading link library 'gtech'
Running PRESTO HDLC

Statistics for case statements in always block at line 51 in file
        '../01_RTL/BB.v'
===============================================
|           Line           |  full/ parallel  |
===============================================
|            53            |    auto/auto     |
===============================================

Statistics for case statements in always block at line 72 in file
        '../01_RTL/BB.v'
===============================================
|           Line           |  full/ parallel  |
===============================================
|            74            |    auto/auto     |
|            76            |    auto/auto     |
===============================================

Statistics for case statements in always block at line 93 in file
        '../01_RTL/BB.v'
===============================================
|           Line           |  full/ parallel  |
===============================================
|           104            |    auto/auto     |
===============================================

Statistics for case statements in always block at line 158 in file
        '../01_RTL/BB.v'
===============================================
|           Line           |  full/ parallel  |
===============================================
|           159            |     auto/no      |
===============================================

Inferred memory devices in process
        in routine BB line 51 in file
                '../01_RTL/BB.v'.
===============================================================================
|    Register Name    |   Type    | Width | Bus | MB | AR | AS | SR | SS | ST |
===============================================================================
|      Base_reg       | Flip-flop |   3   |  Y  | N  | N  | N  | N  | N  | N  |
===============================================================================

Inferred memory devices in process
        in routine BB line 72 in file
                '../01_RTL/BB.v'.
===============================================================================
|    Register Name    |   Type    | Width | Bus | MB | AR | AS | SR | SS | ST |
===============================================================================
|    out_count_reg    | Flip-flop |   2   |  Y  | N  | N  | N  | N  | N  | N  |
===============================================================================

Inferred memory devices in process
        in routine BB line 93 in file
                '../01_RTL/BB.v'.
===============================================================================
|    Register Name    |   Type    | Width | Bus | MB | AR | AS | SR | SS | ST |
===============================================================================
|   score_temp_reg    | Flip-flop |   4   |  Y  | N  | Y  | N  | N  | N  | N  |
===============================================================================

Inferred memory devices in process
        in routine BB line 123 in file
                '../01_RTL/BB.v'.
===============================================================================
|    Register Name    |   Type    | Width | Bus | MB | AR | AS | SR | SS | ST |
===============================================================================
|    score_reg_reg    | Flip-flop |   3   |  Y  | N  | Y  | N  | N  | N  | N  |
===============================================================================

Inferred memory devices in process
        in routine BB line 135 in file
                '../01_RTL/BB.v'.
==================================================================================
|     Register Name      |   Type    | Width | Bus | MB | AR | AS | SR | SS | ST |
==================================================================================
| final_continue_reg_reg | Flip-flop |   1   |  N  | N  | N  | N  | N  | N  | N  |
==================================================================================

Inferred memory devices in process
        in routine BB line 144 in file
                '../01_RTL/BB.v'.
===============================================================================
|    Register Name    |   Type    | Width | Bus | MB | AR | AS | SR | SS | ST |
===============================================================================
|  out_valid_reg_reg  | Flip-flop |   1   |  N  | N  | N  | N  | N  | N  | N  |
===============================================================================
Presto compilation completed successfully. (BB)
Elaborated 1 design.
Current design is now 'BB'.
1
# (B-2) read_sverilog
#read_sverilog $DESIGN\.v
# (B-3) set current design
current_design $DESIGN
Current design is 'BB'.
{BB}
link

  Linking design 'BB'
  Using the following designs and libraries:
  --------------------------------------------------------------------------
  BB                          /RAID2/COURSE/iclab/iclab055/Lab02/Exercise/02_SYN/BB.db
  slow (library)              /RAID2/COURSE/iclab/iclabTA01/umc018/Synthesis/slow.db
  dw_foundation.sldb (library) /usr/cad/synopsys/synthesis/cur/libraries/syn/dw_foundation.sldb

1
#======================================================
#  (C) Global Setting
#======================================================
#set_wire_load_mode top
#set_operating_conditions -max WCCOM -min BCCOM
#set_wire_load_model -name umc18_wl10 -library slow
#======================================================
#  (D) Set Design Constraints
#======================================================
# (D-1) Setting Clock Constraints
create_clock -name clk -period $CYCLE [get_ports clk] 
1
set_dont_touch_network             [get_clocks clk]
1
set_fix_hold                       [get_clocks clk]
1
set_clock_uncertainty       0.1    [get_clocks clk]
1
# set_clock_latency   -source 0      [get_clocks clk]
# set_clock_latency           1      [get_clocks clk] 
set_input_transition        0.5    [all_inputs] 
1
set_clock_transition        0.1    [all_clocks] 
1
# (D-2) Setting in/out Constraints
set_input_delay   -max  $INPUT_DLY  -clock clk   [all_inputs] ;  # set_up time check 
1
set_input_delay   -min  0           -clock clk   [all_inputs] ;  # hold   time check 
1
set_output_delay  -max  $OUTPUT_DLY -clock clk   [all_outputs] ; # set_up time check 
1
set_output_delay  -min  0           -clock clk   [all_outputs] ; # hold   time check 
1
set_input_delay 0 -clock clk clk
1
set_input_delay 0 -clock clk rst_n
1
#set_max_delay $CYCLE -from [all_inputs] -to [all_outputs]
# (D-3) Setting Design Environment
# set_driving_cell -library umc18io3v5v_slow -lib_cell P2C    -pin {Y}  [get_ports clk]
# set_driving_cell -library umc18io3v5v_slow -lib_cell P2C    -pin {Y}  [remove_from_collection [all_inputs] [get_ports clk]]
# set_load  [load_of "umc18io3v5v_slow/P8C/A"]       [all_outputs] ; # ~= 0.038
set_load 0.05 [all_outputs]
1
# (D-4) Setting DRC Constraint
#set_max_delay           0     ; # Optimize delay max effort                 
#set_max_area            0      ; # Optimize area max effort           
set_max_transition      3       [all_inputs]   ; # U18 LUT Max Transition Value  
1
set_max_capacitance     0.15    [all_inputs]   ; # U18 LUT Max Capacitance Value
1
set_max_fanout          10      [all_inputs]
1
# set_dont_use slow/JKFF*
#set_dont_touch [get_cells core_reg_macro]
#set hdlin_ff_always_sync_set_reset true
# (D-5) Report Clock skew
report_clock -skew clk
Information: Checking out the license 'DesignWare'. (SEC-104)
Information: Updating design information... (UID-85)
 
****************************************
Report : clock_skew
Design : BB
Version: T-2022.03
Date   : Fri Jan 10 13:03:53 2025
****************************************

                 Rise      Fall  Min Rise  Min fall        Uncertainty
Object          Delay     Delay     Delay     Delay     Plus      Minus
--------------------------------------------------------------------------------
clk                 -         -         -         -      0.10      0.10

                 Max Transition      Min Transition
Object           Rise      Fall      Rise      Fall
-------------------------------------------------------
clk              0.10      0.10      0.10      0.10
1
check_timing

Information: Checking generated_clocks...

Information: Checking loops...

Information: Checking no_input_delay...

Information: Checking unconstrained_endpoints...

Information: Checking pulse_clock_cell_type...

Information: Checking no_driving_cell...

Information: Checking partial_input_delay...
1
#======================================================
#  (E) Optimization
#======================================================
check_design > Report/$DESIGN\.check
set_fix_multiple_port_nets -all -buffer_constants [get_designs *]
1
set_fix_hold [all_clocks]
1
compile_ultra
Information: Performing power optimization. (PWR-850)
Analyzing: "/RAID2/COURSE/iclab/iclabTA01/umc018/Synthesis/slow.db"
Library analysis succeeded.
Information: Running optimization using a maximum of 4 cores. (OPT-1500)
Information: Evaluating DesignWare library utilization. (UISN-27)

============================================================================
| DesignWare Building Block Library  |         Version         | Available |
============================================================================
| Basic DW Building Blocks           | S-2021.06-DWBB_202106.0 |     *     |
| Licensed DW Building Blocks        | S-2021.06-DWBB_202106.0 |     *     |
============================================================================

====================================================================================================
| Flow Information                                                                                 |
----------------------------------------------------------------------------------------------------
| Flow         | Design Compiler NXT WLM                                                           |
| Comand line  | compile_ultra                                                                     |
====================================================================================================
| Design Information                                      | Value                                  |
====================================================================================================
| Number of Scenarios                                     | 0                                      |
| Leaf Cell Count                                         | 230                                    |
| Number of User Hierarchies                              | 0                                      |
| Sequential Cell Count                                   | 14                                     |
| Macro Count                                             | 0                                      |
| Number of Power Domains                                 | 0                                      |
| Number of Path Groups                                   | 2                                      |
| Number of VT class                                      | 0                                      |
| Number of Clocks                                        | 1                                      |
| Number of Dont Touch cells                              | 105                                    |
| Number of Dont Touch nets                               | 1                                      |
| Number of size only cells                               | 0                                      |
| Design with UPF Data                                    | false                                  |
----------------------------------------------------------------------------------------------------
| Variables                                               | Value                                  |
----------------------------------------------------------------------------------------------------
| set_fix_multiple_port_nets                              | -all -buffer_constants                 |
====================================================================================================
Information: Sequential output inversion is enabled.  SVF file must be used for formal verification. (OPT-1208)

Information: There are 29 potential problems in your design. Please run 'check_design' for more information. (LINT-99)

  Simplifying Design 'BB'

Loaded alib file './alib-52/slow.db.alib'
  Building model 'DW01_NAND2'
Information: Ungrouping 0 of 1 hierarchies before Pass 1 (OPT-775)
Information: State dependent leakage is now switched from on to off.

  Beginning Pass 1 Mapping
  ------------------------
  Processing 'BB'
Information: Added key list 'DesignWare' to design 'BB'. (DDB-72)

  Updating timing information
Information: Updating design information... (UID-85)
Information: The library cell 'HOLDX1' in the library 'slow' is not characterized for internal power. (PWR-536)
Information: The target library(s) contains cell(s), other than black boxes, that are not characterized for internal power. (PWR-24)

  Beginning Mapping Optimizations  (Ultra High effort)
  -------------------------------
Information: There is no timing violation in design BB. Delay-based auto_ungroup will not be performed. (OPT-780)

                                  TOTAL                                                            
   ELAPSED            WORST NEG   SETUP    DESIGN                              LEAKAGE   MIN DELAY 
    TIME      AREA      SLACK     COST    RULE COST         ENDPOINT            POWER      COST    
  --------- --------- --------- --------- --------- ------------------------- --------- -----------
    0:00:02    2950.5      0.00       0.0       0.0                           291798.4688      0.00  
    0:00:02    2950.5      0.00       0.0       0.0                           291798.4688      0.00  

  Beginning Constant Register Removal
  -----------------------------------
    0:00:02    2950.5      0.00       0.0       0.0                           291798.4688      0.00  
    0:00:02    2950.5      0.00       0.0       0.0                           291798.4688      0.00  

  Beginning Global Optimizations
  ------------------------------
  Numerical Synthesis (Phase 1)
  Numerical Synthesis (Phase 2)
  Global Optimization (Phase 1)
  Global Optimization (Phase 2)
  Global Optimization (Phase 3)
  Global Optimization (Phase 4)
  Global Optimization (Phase 5)
  Global Optimization (Phase 6)
  Global Optimization (Phase 7)
  Global Optimization (Phase 8)
  Global Optimization (Phase 9)
  Global Optimization (Phase 10)
  Global Optimization (Phase 11)
  Global Optimization (Phase 12)
  Global Optimization (Phase 13)
  Global Optimization (Phase 14)
  Global Optimization (Phase 15)
  Global Optimization (Phase 16)
  Global Optimization (Phase 17)
  Global Optimization (Phase 18)
  Global Optimization (Phase 19)
  Global Optimization (Phase 20)
  Global Optimization (Phase 21)
  Global Optimization (Phase 22)
  Global Optimization (Phase 23)
  Global Optimization (Phase 24)
  Global Optimization (Phase 25)
  Global Optimization (Phase 26)
  Global Optimization (Phase 27)
  Global Optimization (Phase 28)
  Global Optimization (Phase 29)

  Beginning Isolate Ports
  -----------------------

  Beginning Delay Optimization
  ----------------------------
    0:00:02    2531.4      0.00       0.0       0.0                           192613.4531      0.00  
    0:00:02    2531.4      0.00       0.0       0.0                           192613.4531      0.00  
    0:00:02    2531.4      0.00       0.0       0.0                           192613.4531      0.00  
    0:00:02    2491.5      0.00       0.0       0.0                           182557.3438      0.00  
    0:00:02    2488.1      0.00       0.0       0.0                           183038.4844      0.00  
    0:00:02    2488.1      0.00       0.0       0.0                           183038.4844      0.00  

  Beginning WLM Backend Optimization
  --------------------------------------
    0:00:03    2498.1      0.00       0.0       0.0                           181341.6406      0.00  
    0:00:03    2498.1      0.00       0.0       0.0                           181341.6406      0.00  
    0:00:03    2498.1      0.00       0.0       0.0                           181341.6406      0.00  
    0:00:03    2494.8      0.00       0.0       0.0                           179940.5938      0.00  
    0:00:03    2494.8      0.00       0.0       0.0                           179940.5938      0.00  
    0:00:03    2494.8      0.00       0.0       0.0                           179940.5938      0.00  
    0:00:03    2494.8      0.00       0.0       0.0                           179940.5938      0.00  
    0:00:03    2494.8      0.00       0.0       0.0                           179940.5938      0.00  
    0:00:03    2494.8      0.00       0.0       0.0                           179940.5938      0.00  
    0:00:03    2494.8      0.00       0.0       0.0                           179940.5938      0.00  
    0:00:03    2494.8      0.00       0.0       0.0                           179940.5938      0.00  
    0:00:03    2494.8      0.00       0.0       0.0                           179940.5938      0.00  
    0:00:03    2494.8      0.00       0.0       0.0                           179940.5938      0.00  
    0:00:03    2494.8      0.00       0.0       0.0                           179940.5938      0.00  
    0:00:03    2494.8      0.00       0.0       0.0                           179940.5938      0.00  
    0:00:03    2494.8      0.00       0.0       0.0                           179940.5938      0.00  
    0:00:03    2494.8      0.00       0.0       0.0                           179940.5938      0.00  
    0:00:03    2494.8      0.00       0.0       0.0                           179940.5938      0.00  
    0:00:03    2494.8      0.00       0.0       0.0                           179940.5938      0.00  
    0:00:03    2494.8      0.00       0.0       0.0                           179940.5938      0.00  
    0:00:03    2494.8      0.00       0.0       0.0                           179940.5938      0.00  
    0:00:03    2494.8      0.00       0.0       0.0                           179940.5938      0.00  
    0:00:03    2494.8      0.00       0.0       0.0                           179940.5938      0.00  
    0:00:03    2494.8      0.00       0.0       0.0                           179940.5938      0.00  


  Beginning Leakage Power Optimization  (max_leakage_power 0)
  ------------------------------------

                                  TOTAL                                                            
   ELAPSED            WORST NEG   SETUP    DESIGN                              LEAKAGE   MIN DELAY 
    TIME      AREA      SLACK     COST    RULE COST         ENDPOINT            POWER      COST    
  --------- --------- --------- --------- --------- ------------------------- --------- -----------
    0:00:03    2494.8      0.00       0.0       0.0                           179940.5938      0.00  
  Global Optimization (Phase 30)
  Global Optimization (Phase 31)
  Global Optimization (Phase 32)
  Global Optimization (Phase 33)
  Global Optimization (Phase 34)
  Global Optimization (Phase 35)
  Global Optimization (Phase 36)
  Global Optimization (Phase 37)
  Global Optimization (Phase 38)
  Global Optimization (Phase 39)
  Global Optimization (Phase 40)
  Global Optimization (Phase 41)
    0:00:03    2534.7      0.00       0.0       0.0                           148791.6562      0.00  
    0:00:03    2534.7      0.00       0.0       0.0                           148791.6562      0.00  
    0:00:03    2534.7      0.00       0.0       0.0                           148791.6562      0.00  
    0:00:03    2524.7      0.00       0.0       0.0                           149423.5781      0.00  
    0:00:03    2524.7      0.00       0.0       0.0                           149423.5781      0.00  
    0:00:03    2524.7      0.00       0.0       0.0                           149423.5781      0.00  
    0:00:03    2524.7      0.00       0.0       0.0                           149423.5781      0.00  
    0:00:03    2524.7      0.00       0.0       0.0                           149423.5781      0.00  
    0:00:03    2524.7      0.00       0.0       0.0                           149423.5781      0.00  
    0:00:03    2524.7      0.00       0.0       0.0                           149423.5781      0.00  
    0:00:03    2524.7      0.00       0.0       0.0                           149423.5781      0.00  
    0:00:03    2524.7      0.00       0.0       0.0                           149423.5781      0.00  
    0:00:03    2524.7      0.00       0.0       0.0                           149423.5781      0.00  
    0:00:03    2524.7      0.00       0.0       0.0                           149423.5781      0.00  
    0:00:03    2524.7      0.00       0.0       0.0                           149423.5781      0.00  
    0:00:03    2524.7      0.00       0.0       0.0                           149423.5781      0.00  
    0:00:03    2524.7      0.00       0.0       0.0                           149423.5781      0.00  
    0:00:03    2524.7      0.00       0.0       0.0                           149423.5781      0.00  
    0:00:03    2524.7      0.00       0.0       0.0                           149423.5781      0.00  
    0:00:03    2524.7      0.00       0.0       0.0                           149423.5781      0.00  
    0:00:03    2524.7      0.00       0.0       0.0                           149423.5781      0.00  
    0:00:03    2524.7      0.00       0.0       0.0                           149423.5781      0.00  

                                  TOTAL                                                            
   ELAPSED            WORST NEG   SETUP    DESIGN                              LEAKAGE   MIN DELAY 
    TIME      AREA      SLACK     COST    RULE COST         ENDPOINT            POWER      COST    
  --------- --------- --------- --------- --------- ------------------------- --------- -----------
    0:00:03    2614.6      0.00       0.0       0.0                           151650.6250      0.00  
    0:00:03    2578.0      0.00       0.0       0.0                           153967.6875      0.00  
    0:00:03    2578.0      0.00       0.0       0.0                           153967.6875      0.00  
    0:00:03    2578.0      0.00       0.0       0.0                           153967.6875      0.00  
    0:00:03    2578.0      0.00       0.0       0.0                           153967.6875      0.00  
    0:00:03    2597.9      0.00       0.0       0.0                           152703.8281      0.00  
    0:00:03    2597.9      0.00       0.0       0.0                           152703.8281      0.00  
    0:00:03    2597.9      0.00       0.0       0.0                           152703.8281      0.00  
    0:00:03    2597.9      0.00       0.0       0.0                           152703.8281      0.00  
    0:00:03    2597.9      0.00       0.0       0.0                           152703.8281      0.00  
    0:00:03    2597.9      0.00       0.0       0.0                           152703.8281      0.00  
Loading db file '/RAID2/COURSE/iclab/iclabTA01/umc018/Synthesis/slow.db'


Note: Symbol # after min delay cost means estimated hold TNS across all active scenarios 


  Optimization Complete
  ---------------------
Information: State dependent leakage is now switched from off to on.
Information: Propagating switching activity (low effort zero delay simulation). (PWR-6)
1
#uniquify
#compile
#======================================================
#  (F) Output Reports 
#======================================================
report_design  >  Report/$DESIGN\.design
report_resource >  Report/$DESIGN\.resource
report_timing -max_paths 3 >  Report/$DESIGN\.timing
report_area >  Report/$DESIGN\.area
report_power > Report/$DESIGN\.power
report_clock > Report/$DESIGN\.clock
report_port >  Report/$DESIGN\.port
report_power >  Report/$DESIGN\.power
#report_reference > Report/$DESIGN\.reference
#======================================================
#  (G) Change Naming Rule
#======================================================
set bus_inference_style "%s\[%d\]"
%s[%d]
set bus_naming_style "%s\[%d\]"
%s[%d]
set hdlout_internal_busses true
true
change_names -hierarchy -rule verilog
1
define_name_rules name_rule -allowed "a-z A-Z 0-9 _" -max_length 255 -type cell
1
define_name_rules name_rule -allowed "a-z A-Z 0-9 _[]" -max_length 255 -type net
1
define_name_rules name_rule -map {{"\\*cell\\*" "cell"}}
1
define_name_rules name_rule -case_insensitive
1
change_names -hierarchy -rules name_rule
1
#======================================================
#  (H) Output Results
#======================================================
set verilogout_higher_designs_first true
true
write -format verilog -output Netlist/$DESIGN\_SYN.v -hierarchy
Writing verilog file '/RAID2/COURSE/iclab/iclab055/Lab02/Exercise/02_SYN/Netlist/BB_SYN.v'.
1
write -format ddc     -hierarchy -output $DESIGN\_SYN.ddc
Writing ddc file 'BB_SYN.ddc'.
1
write_sdf -version 3.0 -context verilog -load_delay cell Netlist/$DESIGN\_SYN.sdf -significant_digits 6
Information: Writing timing information to file '/RAID2/COURSE/iclab/iclab055/Lab02/Exercise/02_SYN/Netlist/BB_SYN.sdf'. (WT-3)
1
write_sdc Netlist/$DESIGN\_SYN.sdc
1
#======================================================
#  (I) Finish and Quit
#======================================================
report_area -designware -hierarchy
 
****************************************
Report : area
Design : BB
Version: T-2022.03
Date   : Fri Jan 10 13:04:45 2025
****************************************

Library(s) Used:

    slow (File: /RAID2/COURSE/iclab/iclabTA01/umc018/Synthesis/slow.db)

Number of ports:                           28
Number of nets:                           151
Number of cells:                          135
Number of combinational cells:            112
Number of sequential cells:                14
Number of macros/black boxes:               0
Number of buf/inv:                         24
Number of references:                      32

Combinational area:               1699.790428
Buf/Inv area:                      239.500809
Noncombinational area:             898.128010
Macro/Black Box area:                0.000000
Net Interconnect area:      undefined  (No wire load specified)

Total cell area:                  2597.918438
Total area:                 undefined

Hierarchical area distribution
------------------------------

                                  Global cell area          Local cell area
                                  ------------------  ---------------------------- 
Hierarchical cell                 Absolute   Percent  Combi-     Noncombi-  Black-
                                  Total      Total    national   national   boxes   Design
--------------------------------  ---------  -------  ---------  ---------  ------  ---------
BB                                2597.9184    100.0  1699.7904   898.1280  0.0000  BB
--------------------------------  ---------  -------  ---------  ---------  ------  ---------
Total                                                 1699.7904   898.1280  0.0000


Area of detected synthetic parts
--------------------------------
  No DW parts to report!

Estimated area of ungrouped synthetic parts
-------------------------------------------
                           Estimated  Perc. of
  Module   Implem.  Count       Area cell area
  -------- -------  ----- ---------- ---------
  DW01_add apparch      3   119.6372      4.6%
  DW01_inc apparch      2    19.6506      0.8%
  DW_cmp   apparch      3   140.4436      5.4%
  -------- -------  ----- ---------- ---------
  Total:                8   279.7314     10.8%

Total synthetic cell area:              279.7314  10.8%  (estimated)

1
report_timing 
 
****************************************
Report : timing
        -path full
        -delay max
        -max_paths 1
Design : BB
Version: T-2022.03
Date   : Fri Jan 10 13:04:45 2025
****************************************

Operating Conditions: slow   Library: slow
Wire Load Model Mode: top

  Startpoint: action[2] (input port clocked by clk)
  Endpoint: score_temp_reg_0_
            (rising edge-triggered flip-flop clocked by clk)
  Path Group: clk
  Path Type: max

  Point                                    Incr       Path
  -----------------------------------------------------------
  clock clk (rise edge)                    0.00       0.00
  clock network delay (ideal)              0.00       0.00
  input external delay                     5.00       5.00 f
  action[2] (in)                           0.00       5.00 f
  U190/Y (INVXL)                           0.34       5.34 r
  U126/Y (NOR2X1)                          0.15       5.50 f
  U147/Y (INVXL)                           0.10       5.60 r
  U121/Y (NOR2XL)                          0.09       5.69 f
  U156/Y (INVXL)                           0.24       5.93 r
  U162/Y (NAND2XL)                         0.27       6.20 f
  U155/Y (NOR3XL)                          0.46       6.66 r
  U146/Y (OAI211XL)                        0.21       6.87 f
  U152/Y (OAI21XL)                         0.14       7.01 r
  U151/Y (INVXL)                           0.13       7.14 f
  U204/Y (OAI222XL)                        0.33       7.47 r
  score_temp_reg_0_/D (DFFRX1)             0.00       7.47 r
  data arrival time                                   7.47

  clock clk (rise edge)                   10.00      10.00
  clock network delay (ideal)              0.00      10.00
  clock uncertainty                       -0.10       9.90
  score_temp_reg_0_/CK (DFFRX1)            0.00       9.90 r
  library setup time                      -0.20       9.70
  data required time                                  9.70
  -----------------------------------------------------------
  data required time                                  9.70
  data arrival time                                  -7.47
  -----------------------------------------------------------
  slack (MET)                                         2.23


1
exit

Memory usage for this session 219 Mbytes.
Memory usage for this session including child processes 308 Mbytes.
CPU usage for this session 52 seconds ( 0.01 hours ).
Elapsed time for this session 56 seconds ( 0.02 hours ).

Thank you...

